<?xml version="1.0" encoding="UTF-8" ?>
<testsuite failures="0" time="0.027" errors="0" skipped="0" tests="1" name="com.crud.crudoperation.AppTest">
  <properties>
    <property name="java.runtime.name" value="Java(TM) SE Runtime Environment"/>
    <property name="sun.boot.library.path" value="D:\jdk1.6.0_32\jre\bin"/>
    <property name="java.vm.version" value="20.7-b02"/>
    <property name="java.vm.vendor" value="Sun Microsystems Inc."/>
    <property name="java.vendor.url" value="http://java.sun.com/"/>
    <property name="path.separator" value=";"/>
    <property name="guice.disable.misplaced.annotation.check" value="true"/>
    <property name="java.vm.name" value="Java HotSpot(TM) Client VM"/>
    <property name="file.encoding.pkg" value="sun.io"/>
    <property name="user.country" value="US"/>
    <property name="sun.java.launcher" value="SUN_STANDARD"/>
    <property name="sun.os.patch.level" value="Service Pack 1"/>
    <property name="java.vm.specification.name" value="Java Virtual Machine Specification"/>
    <property name="user.dir" value="C:\Users\1122159\Desktop\CRUD_New\CrudServlet"/>
    <property name="java.runtime.version" value="1.6.0_32-b05"/>
    <property name="java.awt.graphicsenv" value="sun.awt.Win32GraphicsEnvironment"/>
    <property name="java.endorsed.dirs" value="D:\jdk1.6.0_32\jre\lib\endorsed"/>
    <property name="os.arch" value="x86"/>
    <property name="java.io.tmpdir" value="C:\Users\1122159\AppData\Local\Temp\"/>
    <property name="line.separator" value="
"/>
    <property name="java.vm.specification.vendor" value="Sun Microsystems Inc."/>
    <property name="user.variant" value=""/>
    <property name="os.name" value="Windows 7"/>
    <property name="net.sourceforge.cobertura.datafile" value="C:\Users\1122159\Desktop\CRUD_New\CrudServlet\target\cobertura\cobertura.ser"/>
    <property name="classworlds.conf" value="D:\Sudipta_16-Aug-2017\NetbeansIDE-7.3\netbeans\java\maven\bin\m2.conf"/>
    <property name="sun.jnu.encoding" value="Cp1252"/>
    <property name="java.library.path" value="D:\jdk1.6.0_32\bin;C:\windows\Sun\Java\bin;C:\windows\system32;C:\windows;C:\Program Files\RSA SecurID Token Common;C:\windows\system32;C:\windows;C:\windows\System32\Wbem;C:\windows\System32\WindowsPowerShell\v1.0\;C:\Program Files\TortoiseSVN\bin;D:\Sudipta_16-Aug-2017\apache-ant-1.9.0\bin;C:\Program Files\Git\cmd;C:\Program Files\WebEx\Productivity Tools;C:\windows\System32\WindowsPowerShell\v1.0\;C:\windows\System32\WindowsPowerShell\v1.0\;."/>
    <property name="java.specification.name" value="Java Platform API Specification"/>
    <property name="java.class.version" value="50.0"/>
    <property name="sun.management.compiler" value="HotSpot Client Compiler"/>
    <property name="os.version" value="6.1"/>
    <property name="user.home" value="C:\Users\1122159"/>
    <property name="user.timezone" value="Asia/Calcutta"/>
    <property name="java.awt.printerjob" value="sun.awt.windows.WPrinterJob"/>
    <property name="java.specification.version" value="1.6"/>
    <property name="file.encoding" value="Cp1252"/>
    <property name="user.name" value="1122159"/>
    <property name="java.class.path" value="D:\Sudipta_16-Aug-2017\NetbeansIDE-7.3\netbeans\java\maven\boot\plexus-classworlds-2.4.jar"/>
    <property name="java.vm.specification.version" value="1.0"/>
    <property name="sun.arch.data.model" value="32"/>
    <property name="java.home" value="D:\jdk1.6.0_32\jre"/>
    <property name="sun.java.command" value="org.codehaus.plexus.classworlds.launcher.Launcher clean install"/>
    <property name="java.specification.vendor" value="Sun Microsystems Inc."/>
    <property name="user.language" value="en"/>
    <property name="awt.toolkit" value="sun.awt.windows.WToolkit"/>
    <property name="java.vm.info" value="mixed mode, sharing"/>
    <property name="java.version" value="1.6.0_32"/>
    <property name="java.ext.dirs" value="D:\jdk1.6.0_32\jre\lib\ext;C:\windows\Sun\Java\lib\ext"/>
    <property name="sun.boot.class.path" value="D:\jdk1.6.0_32\jre\lib\resources.jar;D:\jdk1.6.0_32\jre\lib\rt.jar;D:\jdk1.6.0_32\jre\lib\sunrsasign.jar;D:\jdk1.6.0_32\jre\lib\jsse.jar;D:\jdk1.6.0_32\jre\lib\jce.jar;D:\jdk1.6.0_32\jre\lib\charsets.jar;D:\jdk1.6.0_32\jre\lib\modules\jdk.boot.jar;D:\jdk1.6.0_32\jre\classes"/>
    <property name="java.vendor" value="Sun Microsystems Inc."/>
    <property name="maven.home" value="D:\Sudipta_16-Aug-2017\NetbeansIDE-7.3\netbeans\java\maven"/>
    <property name="file.separator" value="\"/>
    <property name="java.vendor.url.bug" value="http://java.sun.com/cgi-bin/bugreport.cgi"/>
    <property name="sun.cpu.endian" value="little"/>
    <property name="sun.io.unicode.encoding" value="UnicodeLittle"/>
    <property name="project.build.outputDirectory" value="C:\Users\1122159\Desktop\CRUD_New\CrudServlet\target\generated-classes\cobertura"/>
    <property name="sun.desktop" value="windows"/>
    <property name="sun.cpu.isalist" value="pentium_pro+mmx pentium_pro pentium+mmx pentium i486 i386 i86"/>
  </properties>
  <testcase time="0.001" classname="com.crud.crudoperation.AppTest" name="testApp"/>
</testsuite>