<?xml version="1.0" encoding="UTF-8" ?>
<testsuite failures="0" time="0.002" errors="1" skipped="0" tests="1" name="com.crud.crudservlet.EditServletTest">
  <properties>
    <property name="java.runtime.name" value="Java(TM) SE Runtime Environment"/>
    <property name="sun.boot.library.path" value="D:\jdk1.6.0_32\jre\bin"/>
    <property name="java.vm.version" value="20.7-b02"/>
    <property name="java.vm.vendor" value="Sun Microsystems Inc."/>
    <property name="java.vendor.url" value="http://java.sun.com/"/>
    <property name="path.separator" value=";"/>
    <property name="guice.disable.misplaced.annotation.check" value="true"/>
    <property name="java.vm.name" value="Java HotSpot(TM) Client VM"/>
    <property name="file.encoding.pkg" value="sun.io"/>
    <property name="user.country" value="US"/>
    <property name="sun.java.launcher" value="SUN_STANDARD"/>
    <property name="sun.os.patch.level" value="Service Pack 1"/>
    <property name="java.vm.specification.name" value="Java Virtual Machine Specification"/>
    <property name="user.dir" value="C:\Users\1122159\Desktop\CRUD_New\CrudServlet"/>
    <property name="java.runtime.version" value="1.6.0_32-b05"/>
    <property name="java.awt.graphicsenv" value="sun.awt.Win32GraphicsEnvironment"/>
    <property name="java.endorsed.dirs" value="D:\jdk1.6.0_32\jre\lib\endorsed"/>
    <property name="os.arch" value="x86"/>
    <property name="java.io.tmpdir" value="C:\Users\1122159\AppData\Local\Temp\"/>
    <property name="line.separator" value="
"/>
    <property name="java.vm.specification.vendor" value="Sun Microsystems Inc."/>
    <property name="user.variant" value=""/>
    <property name="os.name" value="Windows 7"/>
    <property name="net.sourceforge.cobertura.datafile" value="C:\Users\1122159\Desktop\CRUD_New\CrudServlet\target\cobertura\cobertura.ser"/>
    <property name="classworlds.conf" value="D:\Sudipta_16-Aug-2017\NetbeansIDE-7.3\netbeans\java\maven\bin\m2.conf"/>
    <property name="sun.jnu.encoding" value="Cp1252"/>
    <property name="java.library.path" value="D:\jdk1.6.0_32\bin;C:\windows\Sun\Java\bin;C:\windows\system32;C:\windows;C:\Program Files\RSA SecurID Token Common;C:\windows\system32;C:\windows;C:\windows\System32\Wbem;C:\windows\System32\WindowsPowerShell\v1.0\;C:\Program Files\TortoiseSVN\bin;D:\Sudipta_16-Aug-2017\apache-ant-1.9.0\bin;C:\Program Files\Git\cmd;C:\Program Files\WebEx\Productivity Tools;C:\windows\System32\WindowsPowerShell\v1.0\;C:\windows\System32\WindowsPowerShell\v1.0\;."/>
    <property name="java.specification.name" value="Java Platform API Specification"/>
    <property name="java.class.version" value="50.0"/>
    <property name="sun.management.compiler" value="HotSpot Client Compiler"/>
    <property name="os.version" value="6.1"/>
    <property name="user.home" value="C:\Users\1122159"/>
    <property name="user.timezone" value="Asia/Calcutta"/>
    <property name="java.awt.printerjob" value="sun.awt.windows.WPrinterJob"/>
    <property name="java.specification.version" value="1.6"/>
    <property name="file.encoding" value="Cp1252"/>
    <property name="user.name" value="1122159"/>
    <property name="java.class.path" value="D:\Sudipta_16-Aug-2017\NetbeansIDE-7.3\netbeans\java\maven\boot\plexus-classworlds-2.4.jar"/>
    <property name="java.vm.specification.version" value="1.0"/>
    <property name="sun.arch.data.model" value="32"/>
    <property name="java.home" value="D:\jdk1.6.0_32\jre"/>
    <property name="sun.java.command" value="org.codehaus.plexus.classworlds.launcher.Launcher clean install"/>
    <property name="java.specification.vendor" value="Sun Microsystems Inc."/>
    <property name="user.language" value="en"/>
    <property name="awt.toolkit" value="sun.awt.windows.WToolkit"/>
    <property name="java.vm.info" value="mixed mode, sharing"/>
    <property name="java.version" value="1.6.0_32"/>
    <property name="java.ext.dirs" value="D:\jdk1.6.0_32\jre\lib\ext;C:\windows\Sun\Java\lib\ext"/>
    <property name="sun.boot.class.path" value="D:\jdk1.6.0_32\jre\lib\resources.jar;D:\jdk1.6.0_32\jre\lib\rt.jar;D:\jdk1.6.0_32\jre\lib\sunrsasign.jar;D:\jdk1.6.0_32\jre\lib\jsse.jar;D:\jdk1.6.0_32\jre\lib\jce.jar;D:\jdk1.6.0_32\jre\lib\charsets.jar;D:\jdk1.6.0_32\jre\lib\modules\jdk.boot.jar;D:\jdk1.6.0_32\jre\classes"/>
    <property name="java.vendor" value="Sun Microsystems Inc."/>
    <property name="maven.home" value="D:\Sudipta_16-Aug-2017\NetbeansIDE-7.3\netbeans\java\maven"/>
    <property name="file.separator" value="\"/>
    <property name="java.vendor.url.bug" value="http://java.sun.com/cgi-bin/bugreport.cgi"/>
    <property name="sun.cpu.endian" value="little"/>
    <property name="sun.io.unicode.encoding" value="UnicodeLittle"/>
    <property name="project.build.outputDirectory" value="C:\Users\1122159\Desktop\CRUD_New\CrudServlet\target\generated-classes\cobertura"/>
    <property name="sun.desktop" value="windows"/>
    <property name="sun.cpu.isalist" value="pentium_pro+mmx pentium_pro pentium+mmx pentium i486 i386 i86"/>
  </properties>
  <testcase time="0" classname="com.crud.crudservlet.EditServletTest" name="testDoGet">
    <error message="Expecting a stackmap frame at branch target 170
Exception Details:
  Location:
    com/crud/crudservlet/TitleDao.update(Lcom/crud/crudservlet/Title;)I @16: ldc
  Reason:
    Expected stackmap frame at this location.
  Bytecode:
    0000000: 033c 11ff ff3d 120b 1100 27b8 0011 033e
    0000010: 120b 1100 29b8 0011 b800 453a 0412 0b11
    0000020: 002a b800 1119 0412 73b9 004b 0200 3a05
    0000030: 120b 1100 2bb8 0011 1905 042a b600 5ab9
    0000040: 0057 0300 120b 1100 2cb8 0011 1905 052a
    0000050: b600 5db9 0057 0300 120b 1100 2db8 0011
    0000060: 1905 062a b600 60b9 0057 0300 120b 1100
    0000070: 2eb8 0011 1905 072a b600 51b9 0057 0300
    0000080: 120b 1100 31b8 0011 1905 b900 6401 003e
    0000090: 120b 1100 33b8 0011 1904 b900 6701 0012
    00000a0: 0b11 0036 b800 11a7 001a 120b 1100 34b8
    00000b0: 0011 3a04 120b 1100 35b8 0011 1904 b600
    00000c0: 6a12 0b11 0038 b800 111d ac            
  Exception Handler Table:
    bci [16, 159] =&gt; handler: 170
  Stackmap Table:
    full_frame(@178,{Object[#77],Integer},{Object[#28]})
    same_frame(@201)
" type="java.lang.VerifyError">java.lang.VerifyError: Expecting a stackmap frame at branch target 170
Exception Details:
  Location:
    com/crud/crudservlet/TitleDao.update(Lcom/crud/crudservlet/Title;)I @16: ldc
  Reason:
    Expected stackmap frame at this location.
  Bytecode:
    0000000: 033c 11ff ff3d 120b 1100 27b8 0011 033e
    0000010: 120b 1100 29b8 0011 b800 453a 0412 0b11
    0000020: 002a b800 1119 0412 73b9 004b 0200 3a05
    0000030: 120b 1100 2bb8 0011 1905 042a b600 5ab9
    0000040: 0057 0300 120b 1100 2cb8 0011 1905 052a
    0000050: b600 5db9 0057 0300 120b 1100 2db8 0011
    0000060: 1905 062a b600 60b9 0057 0300 120b 1100
    0000070: 2eb8 0011 1905 072a b600 51b9 0057 0300
    0000080: 120b 1100 31b8 0011 1905 b900 6401 003e
    0000090: 120b 1100 33b8 0011 1904 b900 6701 0012
    00000a0: 0b11 0036 b800 11a7 001a 120b 1100 34b8
    00000b0: 0011 3a04 120b 1100 35b8 0011 1904 b600
    00000c0: 6a12 0b11 0038 b800 111d ac            
  Exception Handler Table:
    bci [16, 159] =&gt; handler: 170
  Stackmap Table:
    full_frame(@178,{Object[#77],Integer},{Object[#28]})
    same_frame(@201)

	at com.crud.crudservlet.EditServlet.doGet(EditServlet.java:21)
	at com.crud.crudservlet.EditServletTest.testDoGet(EditServletTest.java:61)
	at sun.reflect.NativeMethodAccessorImpl.invoke0(Native Method)
	at sun.reflect.NativeMethodAccessorImpl.invoke(NativeMethodAccessorImpl.java:62)
	at sun.reflect.DelegatingMethodAccessorImpl.invoke(DelegatingMethodAccessorImpl.java:43)
	at java.lang.reflect.Method.invoke(Method.java:483)
	at org.junit.runners.model.FrameworkMethod$1.runReflectiveCall(FrameworkMethod.java:50)
	at org.junit.internal.runners.model.ReflectiveCallable.run(ReflectiveCallable.java:12)
	at org.junit.runners.model.FrameworkMethod.invokeExplosively(FrameworkMethod.java:47)
	at org.junit.internal.runners.statements.InvokeMethod.evaluate(InvokeMethod.java:17)
	at org.junit.internal.runners.statements.RunBefores.evaluate(RunBefores.java:26)
	at org.junit.internal.runners.statements.RunAfters.evaluate(RunAfters.java:27)
	at org.junit.runners.ParentRunner.runLeaf(ParentRunner.java:325)
	at org.junit.runners.BlockJUnit4ClassRunner.runChild(BlockJUnit4ClassRunner.java:78)
	at org.junit.runners.BlockJUnit4ClassRunner.runChild(BlockJUnit4ClassRunner.java:57)
	at org.junit.runners.ParentRunner$3.run(ParentRunner.java:290)
	at org.junit.runners.ParentRunner$1.schedule(ParentRunner.java:71)
	at org.junit.runners.ParentRunner.runChildren(ParentRunner.java:288)
	at org.junit.runners.ParentRunner.access$000(ParentRunner.java:58)
	at org.junit.runners.ParentRunner$2.evaluate(ParentRunner.java:268)
	at org.junit.internal.runners.statements.RunBefores.evaluate(RunBefores.java:26)
	at org.junit.internal.runners.statements.RunAfters.evaluate(RunAfters.java:27)
	at org.junit.runners.ParentRunner.run(ParentRunner.java:363)
	at org.apache.maven.surefire.junit4.JUnit4TestSet.execute(JUnit4TestSet.java:53)
	at org.apache.maven.surefire.junit4.JUnit4Provider.executeTestSet(JUnit4Provider.java:123)
	at org.apache.maven.surefire.junit4.JUnit4Provider.invoke(JUnit4Provider.java:104)
	at sun.reflect.NativeMethodAccessorImpl.invoke0(Native Method)
	at sun.reflect.NativeMethodAccessorImpl.invoke(NativeMethodAccessorImpl.java:62)
	at sun.reflect.DelegatingMethodAccessorImpl.invoke(DelegatingMethodAccessorImpl.java:43)
	at java.lang.reflect.Method.invoke(Method.java:483)
	at org.apache.maven.surefire.util.ReflectionUtils.invokeMethodWithArray(ReflectionUtils.java:164)
	at org.apache.maven.surefire.booter.ProviderFactory$ProviderProxy.invoke(ProviderFactory.java:110)
	at org.apache.maven.surefire.booter.SurefireStarter.invokeProvider(SurefireStarter.java:175)
	at org.apache.maven.surefire.booter.SurefireStarter.runSuitesInProcessWhenForked(SurefireStarter.java:107)
	at org.apache.maven.surefire.booter.ForkedBooter.main(ForkedBooter.java:68)
</error>
    <system-out>doGet
</system-out>
  </testcase>
</testsuite>